MeLoNyPE Crash Dump Thu Aug 27 05:52:13 ALMT 2020

Error: syntax error, unexpected '}', expecting end of file
File: /plugins/CrossOnlineCount/src/ethaniccc/CrossOnlineCount/Main
Line: 62
Type: notice

THIS CRASH WAS CAUSED BY A PLUGIN

Code:
[53]                    /* Update server details every 1 second. */
[54]                    /* TODO: Make this configurable in the config! */
[55]                    $this->getScheduler()->scheduleRepeatingTask(new ClosureTask(function(int $currentTick) use($updateTicks) : void{
[56]                        $this->updateSlapper();
[57]                    }), $updateTicks);
[58]                    $this->getServer()->getPluginManager()->registerEvents($this, $this);
[59]                }
[60]         }
[61] }
[62]     }
[63] 
[64]     public function onDisable(){
[65]       foreach($this->getServer()->getLevels() as $level) {
[66] 			  foreach($level->getEntities() as $entity) {
[67] 				  if(!empty($entity->namedtag->getString("server", ""))) {
[68] 					  $lines = explode("\n", $entity->getNameTag());
[69] 					  $lines[1] = $entity->namedtag->getString("server", "");
[70] 					  $nametag = implode("\n", $lines);
[71] 					  $entity->setNameTag($nametag);
[72] 				  }

Backtrace:
#0 (): spl_autoload_call(string ethaniccc\CrossOnlineCount\Main)
#1 /src/pocketmine/plugin/FolderPluginLoader(76): class_exists(string ethaniccc\CrossOnlineCount\Main, boolean 1)
#2 /src/pocketmine/plugin/PluginManager(159): pocketmine\plugin\FolderPluginLoader->loadPlugin(string C:\Users\NK\Music\MineWar VN\plugins\CrossOnlineCount)
#3 /src/pocketmine/plugin/PluginManager(346): pocketmine\plugin\PluginManager->loadPlugin(string C:\Users\NK\Music\MineWar VN\plugins\CrossOnlineCount, array Array())
#4 /src/pocketmine/Server(1812): pocketmine\plugin\PluginManager->loadPlugins(string C:\Users\NK\Music\MineWar VN\plugins\)
#5 /src/pocketmine/PocketMine(470): pocketmine\Server->__construct(BaseClassLoader object, pocketmine\utils\MainLogger object, string C:\Users\NK\Music\MineWar VN\, string C:\Users\NK\Music\MineWar VN\, string C:\Users\NK\Music\MineWar VN\plugins\)

Genisys version: 0000000000000000000000000000000000000000 [Protocol 113; API 3.0.1]
uname -a: Windows NT LAPTOP-JERO 10.0 build 18362 (Windows 10) AMD64
PHP version: 7.0.3
Zend version: 3.0.0
OS : WINNT, win

Server uptime: 1 seconds
Number of loaded worlds: 0
Players online: 0/20

Loaded plugins:
AdvancedKits 5.0b1 by luca28pet for API(s) 2.0.0
AntiSpam 1.3 by xBeastMode for API(s) 2.0.0
AutoInv 1.0.0 by JackNoordhuis for API(s) 1.0.0, 2.0.0, 3.0.0
AutoMessage 1.16 by SoiCon for API(s) 3.0.0-ALPHA7
BuyFly_MCPE14 1 by MCPE14 for API(s) 2.0.0
SClearLagg 1 by Sergey_Dertan for API(s) 1.8.0
CustomAlerts 1.0 by EvolSoft for API(s) 1.9.0
EconomyAPI 2.0.9 by onebone for API(s) 2.0.0
EssentialsPE 2.0.0 by LegendsOfMCPE Team for API(s) 3.0.0-ALPHA6
Healer 1 by LYT[Edit By Jero] for API(s) 2.0.0, 3.0.0, 3.0.0-ALPHA6
iProtector 3.1a by LDX for API(s) 1.9.0
KeepInventory 1.0 by KhoaGamingPro for API(s) 3.0.0
KillChat 1.0.2.MOD by Array for API(s) 1.9.0, 2.0.0
MagicWE 0.2.4 by thebigsmileXD for API(s) 1.13.0, 2.0.0
ManyWorlds 2.0.3 by aliuly for API(s) 2.0.0, 1.13.0
NoAD 1.0.1 by Vaivez66 for API(s) 1.12.0
PurePerms 1.2.2 by 64FF00 for API(s) 1.12.0
ServerAuth 2.12 by EvolSoft for API(s) 1.11.0
SlapperRotation 1.0.1 by jojoe77777 for API(s) 2.0.0
TimeCommander 2.1 by LDX for API(s) 1.0.0, 2.0.0
Vanish 1.0.4 by MasterJero for API(s) 2.0.9
WorldProtect 2.2.0 by aliuly for API(s) 1.10.0, 1.12.0
FrameKeeper 1.1 by KhoaGamingPro for API(s) 3.0.0, 3.0.1, 3.0.0-ALPHA1, 3.0.0-ALPHA2, 3.0.0-ALPHA3, 3.0.0-ALPHA3, 3.0.0-ALPHA4, 3.0.0-ALPHA5, 3.0.0-ALPHA6
TudongAn 3 by JeroGaming for API(s) 2.0.0
AutoSell 1 by Jero, Cur for API(s) 2.0.0
ATM 1 by Jero Gaming for API(s) 2.0.0
Blood 1.1.0 by NashanPlaysYT for API(s) 3.4.0, 3.3.0, 3.2.0, 3.1.0, 3.9.0, 3.9.1
BuyFix 1 by phuongaz for API(s) 3.0.0
BuyKIT 1 by Phuongaz for API(s) 2.0.0
ChatLogin 1.4 by EvolSoft for API(s) 1.11.0
Taisinh 2 by Ghast Noob [Edit by NCD, Master Jero, CurlliestDrake66] for API(s) 2.0.0
TheoDoi 1.0.0 by HotshotHD for API(s) 3.1.1
PointAPI 2.0.1 by KAIDOMC for API(s) 2.0.0, 3.0.0
CommandBlock 2.0.0 by JeroGaming for API(s) 3.0.0
