MeLoNyPE Crash Dump Fri Aug 28 06:32:22 ALMT 2020

Error: syntax error, unexpected 'if' (T_IF)
File: /plugins/OnlineTime/src/Zedstar16/OnlineTime/Main
Line: 61
Type: notice

THIS CRASH WAS CAUSED BY A PLUGIN

Code:
[52]             if (!$sender instanceof Player && !isset($args[1]) && strtolower($args[0]) == "time") {
[53]                 $sender->sendMessage("Bạn chỉ có thể nhận được thời gian trực tuyến của những người chơi khác, không phải của chính bạn");
[54]                 return false;
[55]             }
[56]             $h = "§l§d=-=-=§aTOP §bOnline Help§d=-=-=
[57] §b/ top [page]  §aXem những người chơi tích cực nhất hàng đầu
[58] §b/ot view [player]  §aXem những người chơi tích cực nhất hàng đầu
[59] §b/ot time [player]  §aXem thời gian bạn hoặc người chơi bạn chọn đã trực tuyến
[60] 	    "
[61]             if (isset($args[0])) {
[62]                 switch ($args[0]) {
[63]                     case "view":
[64]                         if (!isset($args[1])) {
[65]                             $time = explode(":", $this->getTotalTime($sender->getName()));
[66]                             $sender->sendMessage("§aTổng thời gian trực tuyến của bạn là: §b" . $time[0] . "§9giờ §b" . $time[1] . "§9phút §b" . $time[2] . "§9giây");
[67]                         } else if (isset($args[1])) {
[68]                             strtolower($args[1]);
[69]                             if ($this->getServer()->getPlayer($args[1]) !== null) {
[70]                                 $name = $this->getServer()->getPlayer($args[1])->getName();
[71]                                 $time = explode(":", $this->getTotalTime($name));

Backtrace:
#0 (): spl_autoload_call(string Zedstar16\OnlineTime\Main)
#1 /src/pocketmine/plugin/FolderPluginLoader(76): class_exists(string Zedstar16\OnlineTime\Main, boolean 1)
#2 /src/pocketmine/plugin/PluginManager(159): pocketmine\plugin\FolderPluginLoader->loadPlugin(string C:\Users\NK\Documents\MineWar VN\plugins\OnlineTime)
#3 /src/pocketmine/plugin/PluginManager(346): pocketmine\plugin\PluginManager->loadPlugin(string C:\Users\NK\Documents\MineWar VN\plugins\OnlineTime, array Array())
#4 /src/pocketmine/Server(1812): pocketmine\plugin\PluginManager->loadPlugins(string C:\Users\NK\Documents\MineWar VN\plugins\)
#5 /src/pocketmine/PocketMine(470): pocketmine\Server->__construct(BaseClassLoader object, pocketmine\utils\MainLogger object, string C:\Users\NK\Documents\MineWar VN\, string C:\Users\NK\Documents\MineWar VN\, string C:\Users\NK\Documents\MineWar VN\plugins\)

Genisys version: 0000000000000000000000000000000000000000 [Protocol 113; API 3.0.1]
uname -a: Windows NT LAPTOP-JERO 10.0 build 18362 (Windows 10) AMD64
PHP version: 7.0.3
Zend version: 3.0.0
OS : WINNT, win

Server uptime: 3 seconds
Number of loaded worlds: 0
Players online: 0/20

Loaded plugins:
AdvancedKits 5.0b1 by luca28pet for API(s) 2.0.0
AntiSpam 1.3 by xBeastMode for API(s) 2.0.0
AutoInv 1.0.0 by JackNoordhuis for API(s) 1.0.0, 2.0.0, 3.0.0
AutoMessage 1.16 by SoiCon for API(s) 3.0.0-ALPHA7
BuyFly_MCPE14 1 by MCPE14 for API(s) 2.0.0
SClearLagg 1 by Sergey_Dertan for API(s) 1.8.0
CustomAlerts 1.0 by EvolSoft for API(s) 1.9.0
EconomyAPI 2.0.9 by onebone for API(s) 2.0.0
EssentialsPE 2.0.0 by LegendsOfMCPE Team for API(s) 3.0.0-ALPHA6
Healer 1 by LYT[Edit By Jero] for API(s) 2.0.0, 3.0.0, 3.0.0-ALPHA6
iProtector 3.1a by LDX for API(s) 1.9.0
KeepInventory 1.0 by KhoaGamingPro for API(s) 3.0.0
KillChat 1.0.2.MOD by Array for API(s) 1.9.0, 2.0.0
MagicWE 0.2.4 by thebigsmileXD for API(s) 1.13.0, 2.0.0
ManyWorlds 2.0.3 by aliuly for API(s) 2.0.0, 1.13.0
NoAD 1.0.1 by Vaivez66 for API(s) 1.12.0
PurePerms 1.2.2 by 64FF00 for API(s) 1.12.0
ServerAuth 2.12 by EvolSoft for API(s) 1.11.0
SlapperRotation 1.0.1 by jojoe77777 for API(s) 2.0.0
TimeCommander 2.1 by LDX for API(s) 1.0.0, 2.0.0
Vanish 1.0.4 by MasterJero for API(s) 2.0.9
WorldProtect 2.2.0 by aliuly for API(s) 1.10.0, 1.12.0
FrameKeeper 1.1 by KhoaGamingPro for API(s) 3.0.0, 3.0.1, 3.0.0-ALPHA1, 3.0.0-ALPHA2, 3.0.0-ALPHA3, 3.0.0-ALPHA3, 3.0.0-ALPHA4, 3.0.0-ALPHA5, 3.0.0-ALPHA6
TudongAn 3 by JeroGaming for API(s) 2.0.0
AutoSell 1 by Jero, Cur for API(s) 2.0.0
ATM 1 by Jero Gaming for API(s) 2.0.0
Blood 1.1.0 by NashanPlaysYT for API(s) 3.4.0, 3.3.0, 3.2.0, 3.1.0, 3.9.0, 3.9.1
BuyFix 1 by phuongaz for API(s) 3.0.0
BuyKIT 1 by Phuongaz for API(s) 2.0.0
ChatLogin 1.4 by EvolSoft for API(s) 1.11.0
Taisinh 2 by Ghast Noob [Edit by NCD, Master Jero, CurlliestDrake66] for API(s) 2.0.0
TheoDoi 1.0.0 by HotshotHD for API(s) 3.1.1
PointAPI 2.0.1 by KAIDOMC for API(s) 2.0.0, 3.0.0
CommandBlock 2.0.0 by JeroGaming for API(s) 3.0.0
CONSOLEChat 1.0.0 by TheNewHEROBRINE for API(s) 2.0.0
CuaHang 1 by Jero, Cur for API(s) 2.0.0
DH 1 by Master Jero for API(s) 1.0.0, 1.1.0, 1.2.1, 1.3.0, 1.3.1, 1.4.0, 1.4.1, 1.5.0, 1.6.0, 1.7.0, 1.7.1, 1.8.0, 1.9.0, 1.10.0, 1.11.0, 1.12.0, 1.13.0, 2.0.0, 2.1.0, 3.0.0-ALPHA1, 3.0.0-ALPHA2, 3.0.0-ALPHA3, 3.0.0-ALPHA4, 3.0.0-ALPHA5, 3.0.0-ALPHA6, 3.0.0-ALPHA7, 3.0.0-ALPHA8, 3.0.0-ALPHA9, 3.0.0-ALPHA10, 3.0.0-ALPHA11, 3.0.0-ALPHA12, 3.0.0, 3.0.1, 3.0.2, 3.0.3, 3.0.4, 3.0.5, 3.0.6, 3.0.7, 3.1.0, 3.1.1, 3.1.2, 3.1.3, 3.1.4, 3.1.5, 3.2.0, 3.2.1, 3.2.2, 3.2.3, 3.2.4, 3.2.5, 3.2.6, 3.3.0, 3.3.1, 3.3.2, 3.3.3, 3.3.4, 3.4.0, 3.4.1, 3.5.0, 3.5.1, 3.5.2, 3.5.3, 3.5.4, 3.5.5, 3.5.6, 3.5.7, 3.5.8, 3.5.9, 3.5.10, 3.6.0, 3.6.1, 3.6.2, 3.6.3, 3.6.4, 3.6.5, 3.7.0, 3.7.1, 3.7.2, 3.7.3, 3.8.0, 3.8.1, 3.8.2, 3.8.3, 3.8.4, 3.8.5, 3.8.6, 3.8.7, 3.9.0, 3.9.1, 3.9.2, 3.9.3, 3.9.4, 3.10.0, 3.11.0, 3.11.1, 3.11.2, 3.11.3, 3.11.4
Eternity 1 by Jero Gaming for API(s) 2.0.0
Fly 1 by Ghast Noob for API(s) 1.0.0, 1.1.0, 1.2.1, 1.3.0, 1.3.1, 1.4.0, 1.4.1, 1.5.0, 1.6.0, 1.7.0, 1.7.1, 1.8.0, 1.9.0, 1.10.0, 1.11.0, 1.12.0, 1.13.0, 2.0.0, 2.1.0, 3.0.0-ALPHA1, 3.0.0-ALPHA2, 3.0.0-ALPHA3, 3.0.0-ALPHA4, 3.0.0-ALPHA5, 3.0.0-ALPHA6, 3.0.0-ALPHA7, 3.0.0-ALPHA8, 3.0.0-ALPHA9, 3.0.0-ALPHA10, 3.0.0-ALPHA11, 3.0.0-ALPHA12, 3.0.0, 3.0.1, 3.0.2, 3.0.3, 3.0.4, 3.0.5, 3.0.6, 3.0.7, 3.1.0, 3.1.1, 3.1.2, 3.1.3, 3.1.4, 3.1.5, 3.2.0, 3.2.1, 3.2.2, 3.2.3, 3.2.4, 3.2.5, 3.2.6, 3.3.0, 3.3.1, 3.3.2, 3.3.3, 3.3.4, 3.4.0, 3.4.1, 3.5.0, 3.5.1, 3.5.2, 3.5.3, 3.5.4, 3.5.5, 3.5.6, 3.5.7, 3.5.8, 3.5.9, 3.5.10, 3.6.0, 3.6.1, 3.6.2, 3.6.3, 3.6.4, 3.6.5, 3.7.0, 3.7.1, 3.7.2, 3.7.3, 3.8.0, 3.8.1, 3.8.2, 3.8.3, 3.8.4, 3.8.5, 3.8.6, 3.8.7, 3.9.0, 3.9.1, 3.9.2, 3.9.3, 3.9.4, 3.10.0, 3.11.0, 3.11.1, 3.11.2, 3.11.3, 3.11.4
Giftcode 2.0.0 by Curdepzai:v for API(s) 2.0.0
HuongDan 1 by Master Jero for API(s) 3.0.0
ItemDropText 0.19 by  for API(s) 2.0.0, 3.0.0
CRAFT 2.0.9 by  for API(s) 3.0.0, 3.0.1
Kethon 1 by AlexBrin for API(s) 1.10.0
MSpawns 1.5 by EvolSoft for API(s) 1.11.0
MUADOCUR 1 by Phuongaz for API(s) 2.0.0
MayFarm 1 by Jero for API(s) 2.0.0
MuaPoint 1 by Phuongaz||Edit by Jero for API(s) 2.0.0
MuaSkill 2 by Jero for API(s) 2.0.0
Muavip 2 by Jero for API(s) 2.0.0
MysteryBox_V2 2 by  for API(s) 2.0.0
NapTheCham 1.0BETA by phuongaz for API(s) 3.0.0
