MeLoNyPE Crash Dump Sat Aug 29 05:35:58 ALMT 2020

Error: Declaration of NashanPlays\TTops\Time::onRun(int $currentTick): NashanPlays\TTops\void must be compatible with pocketmine\scheduler\Task::onRun($currentTick)
File: /plugins/KillTops.phar/src/NashanPlays/TTops/TTops
Line: 34
Type: E_COMPILE_ERROR

THIS CRASH WAS CAUSED BY A PLUGIN

Code:
[25] use pocketmine\nbt\tag\NamedTag;
[26] use pocketmine\entity\Entity;
[27] use pocketmine\entity\Human;
[28] use pocketmine\entity\Creature;
[29] use pocketmine\nbt\tag\IntTag;
[30] use pocketmine\level\Position;
[31] use pocketmine\event\entity\EntityDamageEvent;
[32] use pocketmine\event\entity\EntityDamageByEntityEvent;
[33] 
[34] class Time extends Task {
[35] 	
[36] 	public function __construct(TTops $plugin) {
[37] 		$this->plugin = $plugin;
[38] 	}
[39] 	private $time = 60;
[40] 	
[41] 	public function onRun(int $currentTick) : void{
[42]  	$cd = new Config($this->plugin->getDataFolder() . "/npctask.yml", Config::YAML);
[43]  	$level = $this->plugin->getServer()->getDefaultLevel();	
[44]  	if($cd->get("cd") > 0) {

Backtrace:
#0 (): pocketmine\Server->crashDump(boolean)

Genisys version: 0000000000000000000000000000000000000000 [Protocol 113; API 3.0.1]
uname -a: Windows NT LAPTOP-JERO 10.0 build 18362 (Windows 10) AMD64
PHP version: 7.0.3
Zend version: 3.0.0
OS : WINNT, win

Server uptime: 3 seconds
Number of loaded worlds: 0
Players online: 0/20

Loaded plugins:
AdvancedKits 5.0b1 by luca28pet for API(s) 2.0.0
AntiSpam 1.3 by xBeastMode for API(s) 2.0.0
AutoInv 1.0.0 by JackNoordhuis for API(s) 1.0.0, 2.0.0, 3.0.0
AutoMessage 1.16 by SoiCon for API(s) 3.0.0-ALPHA7
BuyFly_MCPE14 1 by MCPE14 for API(s) 2.0.0
SClearLagg 1 by Sergey_Dertan for API(s) 1.8.0
CustomAlerts 1.0 by EvolSoft for API(s) 1.9.0
EconomyAPI 2.0.9 by onebone for API(s) 2.0.0
EssentialsPE 2.0.0 by LegendsOfMCPE Team for API(s) 3.0.0-ALPHA6
Healer 1 by LYT[Edit By Jero] for API(s) 2.0.0, 3.0.0, 3.0.0-ALPHA6
iProtector 3.1a by LDX for API(s) 1.9.0
KeepInventory 1.0 by KhoaGamingPro for API(s) 3.0.0
KillChat 1.0.2.MOD by Array for API(s) 1.9.0, 2.0.0
