MeLoNyPE Crash Dump Mon Aug 24 20:40:04 ALMT 2020

Error: syntax error, unexpected end of file, expecting function (T_FUNCTION)
File: /plugins/EnchantBook_v2/src/Enchant/Main
Line: 365
Type: notice

THIS CRASH WAS CAUSED BY A PLUGIN

Code:
[356] 					$livro = Item::get(403, $prob, 1);
[357] 					$livro->setCustomName("§r§aLivro Encantado\n§r§aProbabilidade:§f ".$prob."%");
[358] 					$livro->addEnchantment(Enchantment::getEnchantment($enc)->setLevel($lev));
[359] 					
[360] 					$in->addItem($livro);
[361] 					$this->bigorna->remove($name);
[362] 				}
[363] 			}
[364] 		}
[365] 	}
[366] 
[367] 
[368] 
[369] 
[370] 
[371] 
[372] 
[373] 
[374] 
[375] 

Backtrace:
#0 (): spl_autoload_call(string Enchant\Main)
#1 /src/pocketmine/plugin/FolderPluginLoader(76): class_exists(string Enchant\Main, boolean 1)
#2 /src/pocketmine/plugin/PluginManager(159): pocketmine\plugin\FolderPluginLoader->loadPlugin(string C:\Users\NK\Music\MineWar VN\plugins\EnchantBook_v2)
#3 /src/pocketmine/plugin/PluginManager(346): pocketmine\plugin\PluginManager->loadPlugin(string C:\Users\NK\Music\MineWar VN\plugins\EnchantBook_v2, array Array())
#4 /src/pocketmine/Server(1812): pocketmine\plugin\PluginManager->loadPlugins(string C:\Users\NK\Music\MineWar VN\plugins\)
#5 /src/pocketmine/PocketMine(470): pocketmine\Server->__construct(BaseClassLoader object, pocketmine\utils\MainLogger object, string C:\Users\NK\Music\MineWar VN\, string C:\Users\NK\Music\MineWar VN\, string C:\Users\NK\Music\MineWar VN\plugins\)

Genisys version: 0000000000000000000000000000000000000000 [Protocol 113; API 3.0.1]
uname -a: Windows NT LAPTOP-JERO 10.0 build 18362 (Windows 10) AMD64
PHP version: 7.0.3
Zend version: 3.0.0
OS : WINNT, win

Server uptime: 1 seconds
Number of loaded worlds: 0
Players online: 0/20

Loaded plugins:
ManyWorlds 2.0.3 by aliuly for API(s) 2.0.0, 1.13.0
BauWin 1 by yHwinT for API(s) 2.0.0
BedWars 1 by uSony for API(s) 2.0.0
PointAPI 1 by  for API(s) 1.0.0, 2.0.0, 3.0.0
