MeLoNyPE Crash Dump Sat Aug 29 05:38:23 ALMT 2020

Error: Declaration of NashanPlays\TTops\TTops::onCommand(pocketmine\command\CommandSender $sender, pocketmine\command\Command $cmd, string $label, array $params): bool must be compatible with pocketmine\command\CommandExecutor::onCommand(pocketmine\command\CommandSender $sender, pocketmine\command\Command $command, $label, array $args)
File: /plugins/KillTopss/src/NashanPlays/TTops/TTops
Line: 114
Type: E_COMPILE_ERROR

THIS CRASH WAS CAUSED BY A PLUGIN

Code:
[105]  		$e->setNameTag("§6§lTop §r§6#1\n§cNo disponible");} else {
[106]  			$e->setNameTag("§6§lTop §r§6#1\n§7$topv\n§cKills: §7". $top1);
[107]  		}} else {
[108]  			$e->setNameTag("§6§lTop §r§6#1\n§cNo disponible");
[109]  		}
[110]  	}}}
[111]  }
[112] }
[113] 
[114] class TTops extends PluginBase implements Listener {
[115] 	
[116] 	public function onEnable()
[117] 	{
[118] 		  $this->getLogger()->info("§eTimeTops criado por NashanPlaysYT");
[119]                   $this->getServer()->getPluginManager()->registerEvents($this ,$this);
[120]                   Entity::registerEntity(Time1::class, true);	Entity::registerEntity(Time2::class, true);	Entity::registerEntity(Time3::class, true);
[121]                   $this->saveResource("kills.yml");
[122]         }
[123]         public function onDamaaage(PlayerDeathEvent $event) {
[124]         	$player = $event->getEntity();

Backtrace:
#0 (): pocketmine\Server->crashDump(boolean)

Genisys version: 0000000000000000000000000000000000000000 [Protocol 113; API 3.0.1]
uname -a: Windows NT LAPTOP-JERO 10.0 build 18362 (Windows 10) AMD64
PHP version: 7.0.3
Zend version: 3.0.0
OS : WINNT, win

Server uptime: 1 seconds
Number of loaded worlds: 0
Players online: 0/20

Loaded plugins:
AdvancedKits 5.0b1 by luca28pet for API(s) 2.0.0
AntiSpam 1.3 by xBeastMode for API(s) 2.0.0
AutoInv 1.0.0 by JackNoordhuis for API(s) 1.0.0, 2.0.0, 3.0.0
AutoMessage 1.16 by SoiCon for API(s) 3.0.0-ALPHA7
BuyFly_MCPE14 1 by MCPE14 for API(s) 2.0.0
SClearLagg 1 by Sergey_Dertan for API(s) 1.8.0
CustomAlerts 1.0 by EvolSoft for API(s) 1.9.0
EconomyAPI 2.0.9 by onebone for API(s) 2.0.0
EssentialsPE 2.0.0 by LegendsOfMCPE Team for API(s) 3.0.0-ALPHA6
Healer 1 by LYT[Edit By Jero] for API(s) 2.0.0, 3.0.0, 3.0.0-ALPHA6
iProtector 3.1a by LDX for API(s) 1.9.0
KeepInventory 1.0 by KhoaGamingPro for API(s) 3.0.0
KillChat 1.0.2.MOD by Array for API(s) 1.9.0, 2.0.0
MagicWE 0.2.4 by thebigsmileXD for API(s) 1.13.0, 2.0.0
ManyWorlds 2.0.3 by aliuly for API(s) 2.0.0, 1.13.0
NoAD 1.0.1 by Vaivez66 for API(s) 1.12.0
PurePerms 1.2.2 by 64FF00 for API(s) 1.12.0
ServerAuth 2.12 by EvolSoft for API(s) 1.11.0
SlapperRotation 1.0.1 by jojoe77777 for API(s) 2.0.0
TimeCommander 2.1 by LDX for API(s) 1.0.0, 2.0.0
aTopPlayers 1 by AlexBrin for API(s) 2.0.0
Vanish 1.0.4 by MasterJero for API(s) 2.0.9
WorldProtect 2.2.0 by aliuly for API(s) 1.10.0, 1.12.0
FrameKeeper 1.1 by KhoaGamingPro for API(s) 3.0.0, 3.0.1, 3.0.0-ALPHA1, 3.0.0-ALPHA2, 3.0.0-ALPHA3, 3.0.0-ALPHA3, 3.0.0-ALPHA4, 3.0.0-ALPHA5, 3.0.0-ALPHA6
TudongAn 3 by JeroGaming for API(s) 2.0.0
AutoSell 1 by Jero, Cur for API(s) 2.0.0
AutoSmelt 1.0 by SavionLegendZzz for API(s) 1.12.0
ATM 1 by Jero Gaming for API(s) 2.0.0
Blood 1.1.0 by NashanPlaysYT for API(s) 3.4.0, 3.3.0, 3.2.0, 3.1.0, 3.9.0, 3.9.1
BuyFix 1 by phuongaz for API(s) 3.0.0
BuyKIT 1 by Phuongaz for API(s) 2.0.0
ChatLogin 1.4 by EvolSoft for API(s) 1.11.0
Taisinh 2 by Ghast Noob [Edit by NCD, Master Jero, CurlliestDrake66] for API(s) 2.0.0
TheoDoi 1.0.0 by HotshotHD for API(s) 3.1.1
PointAPI 2.0.1 by KAIDOMC for API(s) 2.0.0, 3.0.0
CommandBlock 2.0.0 by JeroGaming for API(s) 3.0.0
CONSOLEChat 1.0.0 by TheNewHEROBRINE for API(s) 2.0.0
CuaHang 1 by Jero, Cur for API(s) 2.0.0
DH 1 by Master Jero for API(s) 1.0.0, 1.1.0, 1.2.1, 1.3.0, 1.3.1, 1.4.0, 1.4.1, 1.5.0, 1.6.0, 1.7.0, 1.7.1, 1.8.0, 1.9.0, 1.10.0, 1.11.0, 1.12.0, 1.13.0, 2.0.0, 2.1.0, 3.0.0-ALPHA1, 3.0.0-ALPHA2, 3.0.0-ALPHA3, 3.0.0-ALPHA4, 3.0.0-ALPHA5, 3.0.0-ALPHA6, 3.0.0-ALPHA7, 3.0.0-ALPHA8, 3.0.0-ALPHA9, 3.0.0-ALPHA10, 3.0.0-ALPHA11, 3.0.0-ALPHA12, 3.0.0, 3.0.1, 3.0.2, 3.0.3, 3.0.4, 3.0.5, 3.0.6, 3.0.7, 3.1.0, 3.1.1, 3.1.2, 3.1.3, 3.1.4, 3.1.5, 3.2.0, 3.2.1, 3.2.2, 3.2.3, 3.2.4, 3.2.5, 3.2.6, 3.3.0, 3.3.1, 3.3.2, 3.3.3, 3.3.4, 3.4.0, 3.4.1, 3.5.0, 3.5.1, 3.5.2, 3.5.3, 3.5.4, 3.5.5, 3.5.6, 3.5.7, 3.5.8, 3.5.9, 3.5.10, 3.6.0, 3.6.1, 3.6.2, 3.6.3, 3.6.4, 3.6.5, 3.7.0, 3.7.1, 3.7.2, 3.7.3, 3.8.0, 3.8.1, 3.8.2, 3.8.3, 3.8.4, 3.8.5, 3.8.6, 3.8.7, 3.9.0, 3.9.1, 3.9.2, 3.9.3, 3.9.4, 3.10.0, 3.11.0, 3.11.1, 3.11.2, 3.11.3, 3.11.4
Eternity 1 by Jero Gaming for API(s) 2.0.0
Fly 1 by Ghast Noob for API(s) 1.0.0, 1.1.0, 1.2.1, 1.3.0, 1.3.1, 1.4.0, 1.4.1, 1.5.0, 1.6.0, 1.7.0, 1.7.1, 1.8.0, 1.9.0, 1.10.0, 1.11.0, 1.12.0, 1.13.0, 2.0.0, 2.1.0, 3.0.0-ALPHA1, 3.0.0-ALPHA2, 3.0.0-ALPHA3, 3.0.0-ALPHA4, 3.0.0-ALPHA5, 3.0.0-ALPHA6, 3.0.0-ALPHA7, 3.0.0-ALPHA8, 3.0.0-ALPHA9, 3.0.0-ALPHA10, 3.0.0-ALPHA11, 3.0.0-ALPHA12, 3.0.0, 3.0.1, 3.0.2, 3.0.3, 3.0.4, 3.0.5, 3.0.6, 3.0.7, 3.1.0, 3.1.1, 3.1.2, 3.1.3, 3.1.4, 3.1.5, 3.2.0, 3.2.1, 3.2.2, 3.2.3, 3.2.4, 3.2.5, 3.2.6, 3.3.0, 3.3.1, 3.3.2, 3.3.3, 3.3.4, 3.4.0, 3.4.1, 3.5.0, 3.5.1, 3.5.2, 3.5.3, 3.5.4, 3.5.5, 3.5.6, 3.5.7, 3.5.8, 3.5.9, 3.5.10, 3.6.0, 3.6.1, 3.6.2, 3.6.3, 3.6.4, 3.6.5, 3.7.0, 3.7.1, 3.7.2, 3.7.3, 3.8.0, 3.8.1, 3.8.2, 3.8.3, 3.8.4, 3.8.5, 3.8.6, 3.8.7, 3.9.0, 3.9.1, 3.9.2, 3.9.3, 3.9.4, 3.10.0, 3.11.0, 3.11.1, 3.11.2, 3.11.3, 3.11.4
Giftcode 2.0.0 by Curdepzai:v for API(s) 2.0.0
HasteBlock 1 by JeroGaming for API(s) 3.0.0
HuongDan 1 by Master Jero for API(s) 3.0.0
ItemDropText 0.19 by  for API(s) 2.0.0, 3.0.0
